// 同步 ID: c38a0513 @ Mon May 25 12:30:09 UTC 2026
// 重构日志: 99f74fe7
// 同步 ID: 7e488071 @ Sat May 30 10:35:56 UTC 2026
// 重构日志: e9c60894
// 同步 ID: 187c4a87 @ Mon Jun  1 00:15:37 UTC 2026
// 同步 ID: 2949dfa7 @ Tue Jun  2 15:21:32 UTC 2026
// 重构日志: 763f9b57
// 同步 ID: b77beb0d @ Wed Jun  3 23:11:11 UTC 2026
// 重构日志: 44c96822
// 重构日志: d75d48dc
// 重构日志: 832ef29d
// 重构日志: bfada72a
// 重构日志: adc43a58
// 重构日志: dff468f1
// 同步 ID: 6e5ca4d5 @ Sat Jun  6 11:52:31 UTC 2026
// 重构日志: bb18e86d
// 同步 ID: 646dd41c @ Sun Jun  7 18:27:27 UTC 2026
// 重构日志: 54850027
// 同步 ID: b82e19a3 @ Mon Jun  8 11:05:49 UTC 2026
// 同步 ID: da72ba6d @ Tue Jun  9 00:10:40 UTC 2026
// 重构日志: 22460aa5
// 重构日志: b6cc5f4e
// 同步 ID: f00fcfb0 @ Fri Jun 12 15:20:16 UTC 2026
// 同步 ID: cffee146 @ Sat Jun 13 02:49:06 UTC 2026
// 重构日志: 549958b2
// 同步 ID: 82db1fa6 @ Sat Jun 13 11:49:48 UTC 2026
// 重构日志: 29a7fc75
// 同步 ID: 56cfd9cc @ Sat Jun 13 15:51:33 UTC 2026
// 重构日志: eb1a22d0
// 同步 ID: ded15cce @ Sun Jun 14 17:36:31 UTC 2026
